This file contains any messages produced by compilers while
running configure, to aid debugging if configure makes a mistake.

It was created by APR Coin Core configure 1.1.0, which was
generated by GNU Autoconf 2.69.  Invocation command line was

  $ ./configure LDFLAGS=-L/usr/local/opt/openssl/lib CPPFLAGS=-I/usr/local/opt/openssl/include PKG_CONFIG_PATH=/usr/local/opt/openssl/lib/pkgconfig --with-gui=qt5

## --------- ##
## Platform. ##
## --------- ##

hostname = appledeMacBook-Pro.local
uname -m = x86_64
uname -r = 17.5.0
uname -s = Darwin
uname -v = Darwin Kernel Version 17.5.0: Fri Apr 13 19:32:32 PDT 2018; root:xnu-4570.51.2~1/RELEASE_X86_64

/usr/bin/uname -p = i386
/bin/uname -X     = unknown

/bin/arch              = unknown
/usr/bin/arch -k       = unknown
/usr/convex/getsysinfo = unknown
/usr/bin/hostinfo      = Mach kernel version:
	 Darwin Kernel Version 17.5.0: Fri Apr 13 19:32:32 PDT 2018; root:xnu-4570.51.2~1/RELEASE_X86_64
Kernel configured for up to 8 processors.
4 processors are physically available.
8 processors are logically available.
Processor type: i486 (Intel 80486)
Processors active: 0 1 2 3 4 5 6 7
Primary memory available: 8.00 gigabytes
Default processor set: 407 tasks, 2076 threads, 8 processors
Load average: 4.10, Mach factor: 4.92
/bin/machine           = unknown
/usr/bin/oslevel       = unknown
/bin/universe          = unknown

PATH: /Library/Frameworks/Python.framework/Versions/3.6/bin
PATH: /opt/local/bin
PATH: /opt/local/sbin
PATH: /usr/local/bin
PATH: /usr/bin
PATH: /bin
PATH: /usr/sbin
PATH: /sbin
PATH: /usr/local/go/bin
PATH: /usr/local/share/dotnet
PATH: /Users/apple/.rvm/bin
PATH: /Users/apple/go/bin
PATH: /usr/local/ignition
PATH: /usr/local/ignition
PATH: /Users/apple/.rvm/bin


## ----------- ##
## Core tests. ##
## ----------- ##

configure:2967: checking build system type
configure:2981: result: x86_64-apple-darwin17.5.0
configure:3001: checking host system type
configure:3014: result: x86_64-apple-darwin17.5.0
configure:3057: checking for a BSD-compatible install
configure:3125: result: /usr/bin/install -c
configure:3136: checking whether build environment is sane
configure:3191: result: yes
configure:3342: checking for a thread-safe mkdir -p
configure:3381: result: build-aux/install-sh -c -d
configure:3388: checking for gawk
configure:3418: result: no
configure:3388: checking for mawk
configure:3418: result: no
configure:3388: checking for nawk
configure:3418: result: no
configure:3388: checking for awk
configure:3404: found /usr/bin/awk
configure:3415: result: awk
configure:3426: checking whether make sets $(MAKE)
configure:3448: result: yes
configure:3477: checking whether make supports nested variables
configure:3494: result: yes
configure:3613: checking whether to enable maintainer-specific portions of Makefiles
configure:3622: result: yes
configure:3647: checking whether make supports nested variables
configure:3664: result: yes
configure:3739: checking for g++
configure:3755: found /usr/bin/g++
configure:3766: result: g++
configure:3793: checking for C++ compiler version
configure:3802: g++ --version >&5
Apple LLVM version 9.1.0 (clang-902.0.39.2)
Target: x86_64-apple-darwin17.5.0
Thread model: posix
InstalledDir: /Library/Developer/CommandLineTools/usr/bin
Configured with: --prefix=/Library/Developer/CommandLineTools/usr --with-gxx-include-dir=/usr/include/c++/4.2.1
configure:3813: $? = 0
configure:3802: g++ -v >&5
Configured with: --prefix=/Library/Developer/CommandLineTools/usr --with-gxx-include-dir=/usr/include/c++/4.2.1
Apple LLVM version 9.1.0 (clang-902.0.39.2)
Target: x86_64-apple-darwin17.5.0
Thread model: posix
InstalledDir: /Library/Developer/CommandLineTools/usr/bin
configure:3813: $? = 0
configure:3802: g++ -V >&5
clang: error: argument to '-V' is missing (expected 1 value)
clang: error: no input files
configure:3813: $? = 1
configure:3802: g++ -qversion >&5
clang: error: unknown argument: '-qversion'
clang: error: no input files
configure:3813: $? = 1
configure:3833: checking whether the C++ compiler works
configure:3855: g++  -I/usr/local/opt/openssl/include -L/usr/local/opt/openssl/lib conftest.cpp  >&5
configure:3859: $? = 0
configure:3907: result: yes
configure:3910: checking for C++ compiler default output file name
configure:3912: result: a.out
configure:3918: checking for suffix of executables
configure:3925: g++ -o conftest  -I/usr/local/opt/openssl/include -L/usr/local/opt/openssl/lib conftest.cpp  >&5
configure:3929: $? = 0
configure:3951: result: 
configure:3973: checking whether we are cross compiling
configure:3981: g++ -o conftest  -I/usr/local/opt/openssl/include -L/usr/local/opt/openssl/lib conftest.cpp  >&5
configure:3985: $? = 0
configure:3992: ./conftest
configure:3996: $? = 0
configure:4011: result: no
configure:4016: checking for suffix of object files
configure:4038: g++ -c  -I/usr/local/opt/openssl/include conftest.cpp >&5
configure:4042: $? = 0
configure:4063: result: o
configure:4067: checking whether we are using the GNU C++ compiler
configure:4086: g++ -c  -I/usr/local/opt/openssl/include conftest.cpp >&5
configure:4086: $? = 0
configure:4095: result: yes
configure:4104: checking whether g++ accepts -g
configure:4124: g++ -c -g -I/usr/local/opt/openssl/include conftest.cpp >&5
configure:4124: $? = 0
configure:4165: result: yes
configure:4191: checking whether make supports the include directive
configure:4206: make -f confmf.GNU && cat confinc.out
this is the am__doit target
configure:4209: $? = 0
configure:4228: result: yes (GNU style)
configure:4253: checking dependency style of g++
configure:4364: result: gcc3
configure:4393: checking whether g++ supports C++11 features by default
configure:4687: g++ -c -g -O2 -I/usr/local/opt/openssl/include conftest.cpp >&5
conftest.cpp:20:2: error: "This is not a C++11 compiler"
#error "This is not a C++11 compiler"
 ^
1 error generated.
configure:4687: $? = 1
configure: failed program was:
| /* confdefs.h */
| #define PACKAGE_NAME "APR Coin Core"
| #define PACKAGE_TARNAME "aprcoin"
| #define PACKAGE_VERSION "1.1.0"
| #define PACKAGE_STRING "APR Coin Core 1.1.0"
| #define PACKAGE_BUGREPORT "www.apr-coin.com"
| #define PACKAGE_URL ""
| /* end confdefs.h.  */
| 
| 
| // If the compiler admits that it is not ready for C++11, why torture it?
| // Hopefully, this will speed up the test.
| 
| #ifndef __cplusplus
| 
| #error "This is not a C++ compiler"
| 
| #elif __cplusplus < 201103L
| 
| #error "This is not a C++11 compiler"
| 
| #else
| 
| namespace cxx11
| {
| 
|   namespace test_static_assert
|   {
| 
|     template <typename T>
|     struct check
|     {
|       static_assert(sizeof(int) <= sizeof(T), "not big enough");
|     };
| 
|   }
| 
|   namespace test_final_override
|   {
| 
|     struct Base
|     {
|       virtual void f() {}
|     };
| 
|     struct Derived : public Base
|     {
|       virtual void f() override {}
|     };
| 
|   }
| 
|   namespace test_double_right_angle_brackets
|   {
| 
|     template < typename T >
|     struct check {};
| 
|     typedef check<void> single_type;
|     typedef check<check<void>> double_type;
|     typedef check<check<check<void>>> triple_type;
|     typedef check<check<check<check<void>>>> quadruple_type;
| 
|   }
| 
|   namespace test_decltype
|   {
| 
|     int
|     f()
|     {
|       int a = 1;
|       decltype(a) b = 2;
|       return a + b;
|     }
| 
|   }
| 
|   namespace test_type_deduction
|   {
| 
|     template < typename T1, typename T2 >
|     struct is_same
|     {
|       static const bool value = false;
|     };
| 
|     template < typename T >
|     struct is_same<T, T>
|     {
|       static const bool value = true;
|     };
| 
|     template < typename T1, typename T2 >
|     auto
|     add(T1 a1, T2 a2) -> decltype(a1 + a2)
|     {
|       return a1 + a2;
|     }
| 
|     int
|     test(const int c, volatile int v)
|     {
|       static_assert(is_same<int, decltype(0)>::value == true, "");
|       static_assert(is_same<int, decltype(c)>::value == false, "");
|       static_assert(is_same<int, decltype(v)>::value == false, "");
|       auto ac = c;
|       auto av = v;
|       auto sumi = ac + av + 'x';
|       auto sumf = ac + av + 1.0;
|       static_assert(is_same<int, decltype(ac)>::value == true, "");
|       static_assert(is_same<int, decltype(av)>::value == true, "");
|       static_assert(is_same<int, decltype(sumi)>::value == true, "");
|       static_assert(is_same<int, decltype(sumf)>::value == false, "");
|       static_assert(is_same<int, decltype(add(c, v))>::value == true, "");
|       return (sumf > 0.0) ? sumi : add(c, v);
|     }
| 
|   }
| 
|   namespace test_noexcept
|   {
| 
|     int f() { return 0; }
|     int g() noexcept { return 0; }
| 
|     static_assert(noexcept(f()) == false, "");
|     static_assert(noexcept(g()) == true, "");
| 
|   }
| 
|   namespace test_constexpr
|   {
| 
|     template < typename CharT >
|     unsigned long constexpr
|     strlen_c_r(const CharT *const s, const unsigned long acc) noexcept
|     {
|       return *s ? strlen_c_r(s + 1, acc + 1) : acc;
|     }
| 
|     template < typename CharT >
|     unsigned long constexpr
|     strlen_c(const CharT *const s) noexcept
|     {
|       return strlen_c_r(s, 0UL);
|     }
| 
|     static_assert(strlen_c("") == 0UL, "");
|     static_assert(strlen_c("1") == 1UL, "");
|     static_assert(strlen_c("example") == 7UL, "");
|     static_assert(strlen_c("another\0example") == 7UL, "");
| 
|   }
| 
|   namespace test_rvalue_references
|   {
| 
|     template < int N >
|     struct answer
|     {
|       static constexpr int value = N;
|     };
| 
|     answer<1> f(int&)       { return answer<1>(); }
|     answer<2> f(const int&) { return answer<2>(); }
|     answer<3> f(int&&)      { return answer<3>(); }
| 
|     void
|     test()
|     {
|       int i = 0;
|       const int c = 0;
|       static_assert(decltype(f(i))::value == 1, "");
|       static_assert(decltype(f(c))::value == 2, "");
|       static_assert(decltype(f(0))::value == 3, "");
|     }
| 
|   }
| 
|   namespace test_uniform_initialization
|   {
| 
|     struct test
|     {
|       static const int zero {};
|       static const int one {1};
|     };
| 
|     static_assert(test::zero == 0, "");
|     static_assert(test::one == 1, "");
| 
|   }
| 
|   namespace test_lambdas
|   {
| 
|     void
|     test1()
|     {
|       auto lambda1 = [](){};
|       auto lambda2 = lambda1;
|       lambda1();
|       lambda2();
|     }
| 
|     int
|     test2()
|     {
|       auto a = [](int i, int j){ return i + j; }(1, 2);
|       auto b = []() -> int { return '0'; }();
|       auto c = [=](){ return a + b; }();
|       auto d = [&](){ return c; }();
|       auto e = [a, &b](int x) mutable {
|         const auto identity = [](int y){ return y; };
|         for (auto i = 0; i < a; ++i)
|           a += b--;
|         return x + identity(a + b);
|       }(0);
|       return a + b + c + d + e;
|     }
| 
|     int
|     test3()
|     {
|       const auto nullary = [](){ return 0; };
|       const auto unary = [](int x){ return x; };
|       using nullary_t = decltype(nullary);
|       using unary_t = decltype(unary);
|       const auto higher1st = [](nullary_t f){ return f(); };
|       const auto higher2nd = [unary](nullary_t f1){
|         return [unary, f1](unary_t f2){ return f2(unary(f1())); };
|       };
|       return higher1st(nullary) + higher2nd(nullary)(unary);
|     }
| 
|   }
| 
|   namespace test_variadic_templates
|   {
| 
|     template <int...>
|     struct sum;
| 
|     template <int N0, int... N1toN>
|     struct sum<N0, N1toN...>
|     {
|       static constexpr auto value = N0 + sum<N1toN...>::value;
|     };
| 
|     template <>
|     struct sum<>
|     {
|       static constexpr auto value = 0;
|     };
| 
|     static_assert(sum<>::value == 0, "");
|     static_assert(sum<1>::value == 1, "");
|     static_assert(sum<23>::value == 23, "");
|     static_assert(sum<1, 2>::value == 3, "");
|     static_assert(sum<5, 5, 11>::value == 21, "");
|     static_assert(sum<2, 3, 5, 7, 11, 13>::value == 41, "");
| 
|   }
| 
|   // http://stackoverflow.com/questions/13728184/template-aliases-and-sfinae
|   // Clang 3.1 fails with headers of libstd++ 4.8.3 when using std::function
|   // because of this.
|   namespace test_template_alias_sfinae
|   {
| 
|     struct foo {};
| 
|     template<typename T>
|     using member = typename T::member_type;
| 
|     template<typename T>
|     void func(...) {}
| 
|     template<typename T>
|     void func(member<T>*) {}
| 
|     void test();
| 
|     void test() { func<foo>(0); }
| 
|   }
| 
| }  // namespace cxx11
| 
| #endif  // __cplusplus >= 201103L
| 
| 
| 
configure:4694: result: no
configure:4705: checking whether g++ supports C++11 features with -std=c++11
configure:5001: g++ -std=c++11 -c -g -O2 -I/usr/local/opt/openssl/include conftest.cpp >&5
configure:5001: $? = 0
configure:5010: result: yes
configure:5156: checking for Objective C++ compiler version
configure:5165: g++ -std=c++11 --version >&5
Apple LLVM version 9.1.0 (clang-902.0.39.2)
Target: x86_64-apple-darwin17.5.0
Thread model: posix
InstalledDir: /Library/Developer/CommandLineTools/usr/bin
configure:5176: $? = 0
configure:5165: g++ -std=c++11 -v >&5
Apple LLVM version 9.1.0 (clang-902.0.39.2)
Target: x86_64-apple-darwin17.5.0
Thread model: posix
InstalledDir: /Library/Developer/CommandLineTools/usr/bin
clang: warning: argument unused during compilation: '-std=c++11' [-Wunused-command-line-argument]
configure:5176: $? = 0
configure:5165: g++ -std=c++11 -V >&5
clang: error: argument to '-V' is missing (expected 1 value)
clang: error: no input files
configure:5176: $? = 1
configure:5165: g++ -std=c++11 -qversion >&5
clang: error: unknown argument: '-qversion'
clang: error: no input files
configure:5176: $? = 1
configure:5180: checking whether we are using the GNU Objective C++ compiler
configure:5199: g++ -std=c++11 -c  -I/usr/local/opt/openssl/include conftest.mm >&5
configure:5199: $? = 0
configure:5208: result: yes
configure:5217: checking whether g++ -std=c++11 accepts -g
configure:5237: g++ -std=c++11 -c -g -I/usr/local/opt/openssl/include conftest.mm >&5
configure:5237: $? = 0
configure:5278: result: yes
configure:5303: checking dependency style of g++ -std=c++11
configure:5412: result: gcc3
configure:5475: checking how to print strings
configure:5502: result: printf
configure:5571: checking for gcc
configure:5587: found /usr/bin/gcc
configure:5598: result: gcc
configure:5827: checking for C compiler version
configure:5836: gcc --version >&5
Apple LLVM version 9.1.0 (clang-902.0.39.2)
Target: x86_64-apple-darwin17.5.0
Thread model: posix
InstalledDir: /Library/Developer/CommandLineTools/usr/bin
Configured with: --prefix=/Library/Developer/CommandLineTools/usr --with-gxx-include-dir=/usr/include/c++/4.2.1
configure:5847: $? = 0
configure:5836: gcc -v >&5
Configured with: --prefix=/Library/Developer/CommandLineTools/usr --with-gxx-include-dir=/usr/include/c++/4.2.1
Apple LLVM version 9.1.0 (clang-902.0.39.2)
Target: x86_64-apple-darwin17.5.0
Thread model: posix
InstalledDir: /Library/Developer/CommandLineTools/usr/bin
configure:5847: $? = 0
configure:5836: gcc -V >&5
clang: error: argument to '-V' is missing (expected 1 value)
clang: error: no input files
configure:5847: $? = 1
configure:5836: gcc -qversion >&5
clang: error: unknown argument: '-qversion'
clang: error: no input files
configure:5847: $? = 1
configure:5851: checking whether we are using the GNU C compiler
configure:5870: gcc -c  -I/usr/local/opt/openssl/include conftest.c >&5
configure:5870: $? = 0
configure:5879: result: yes
configure:5888: checking whether gcc accepts -g
configure:5908: gcc -c -g -I/usr/local/opt/openssl/include conftest.c >&5
configure:5908: $? = 0
configure:5949: result: yes
configure:5966: checking for gcc option to accept ISO C89
configure:6029: gcc  -c -g -O2 -I/usr/local/opt/openssl/include conftest.c >&5
configure:6029: $? = 0
configure:6042: result: none needed
configure:6067: checking whether gcc understands -c and -o together
configure:6089: gcc -c conftest.c -o conftest2.o
configure:6092: $? = 0
configure:6089: gcc -c conftest.c -o conftest2.o
configure:6092: $? = 0
configure:6104: result: yes
configure:6123: checking dependency style of gcc
configure:6234: result: gcc3
configure:6249: checking for a sed that does not truncate output

## ---------------- ##
## Cache variables. ##
## ---------------- ##

ac_cv_build=x86_64-apple-darwin17.5.0
ac_cv_c_compiler_gnu=yes
ac_cv_cxx_compiler_gnu=yes
ac_cv_env_CCC_set=
ac_cv_env_CCC_value=
ac_cv_env_CC_set=
ac_cv_env_CC_value=
ac_cv_env_CFLAGS_set=
ac_cv_env_CFLAGS_value=
ac_cv_env_CPPFLAGS_set=set
ac_cv_env_CPPFLAGS_value=-I/usr/local/opt/openssl/include
ac_cv_env_CPP_set=
ac_cv_env_CPP_value=
ac_cv_env_CRYPTO_CFLAGS_set=
ac_cv_env_CRYPTO_CFLAGS_value=
ac_cv_env_CRYPTO_LIBS_set=
ac_cv_env_CRYPTO_LIBS_value=
ac_cv_env_CXXCPP_set=
ac_cv_env_CXXCPP_value=
ac_cv_env_CXXFLAGS_set=
ac_cv_env_CXXFLAGS_value=
ac_cv_env_CXX_set=
ac_cv_env_CXX_value=
ac_cv_env_EVENT_CFLAGS_set=
ac_cv_env_EVENT_CFLAGS_value=
ac_cv_env_EVENT_LIBS_set=
ac_cv_env_EVENT_LIBS_value=
ac_cv_env_EVENT_PTHREADS_CFLAGS_set=
ac_cv_env_EVENT_PTHREADS_CFLAGS_value=
ac_cv_env_EVENT_PTHREADS_LIBS_set=
ac_cv_env_EVENT_PTHREADS_LIBS_value=
ac_cv_env_LDFLAGS_set=set
ac_cv_env_LDFLAGS_value=-L/usr/local/opt/openssl/lib
ac_cv_env_LIBS_set=
ac_cv_env_LIBS_value=
ac_cv_env_LT_SYS_LIBRARY_PATH_set=
ac_cv_env_LT_SYS_LIBRARY_PATH_value=
ac_cv_env_OBJCXXFLAGS_set=
ac_cv_env_OBJCXXFLAGS_value=
ac_cv_env_OBJCXX_set=
ac_cv_env_OBJCXX_value=
ac_cv_env_PKG_CONFIG_LIBDIR_set=
ac_cv_env_PKG_CONFIG_LIBDIR_value=
ac_cv_env_PKG_CONFIG_PATH_set=set
ac_cv_env_PKG_CONFIG_PATH_value=/usr/local/opt/openssl/lib/pkgconfig
ac_cv_env_PKG_CONFIG_set=
ac_cv_env_PKG_CONFIG_value=
ac_cv_env_PROTOBUF_CFLAGS_set=
ac_cv_env_PROTOBUF_CFLAGS_value=
ac_cv_env_PROTOBUF_LIBS_set=
ac_cv_env_PROTOBUF_LIBS_value=
ac_cv_env_PYTHONPATH_set=
ac_cv_env_PYTHONPATH_value=
ac_cv_env_QR_CFLAGS_set=
ac_cv_env_QR_CFLAGS_value=
ac_cv_env_QR_LIBS_set=
ac_cv_env_QR_LIBS_value=
ac_cv_env_QTPLATFORM_CFLAGS_set=
ac_cv_env_QTPLATFORM_CFLAGS_value=
ac_cv_env_QTPLATFORM_LIBS_set=
ac_cv_env_QTPLATFORM_LIBS_value=
ac_cv_env_QTPRINT_CFLAGS_set=
ac_cv_env_QTPRINT_CFLAGS_value=
ac_cv_env_QTPRINT_LIBS_set=
ac_cv_env_QTPRINT_LIBS_value=
ac_cv_env_QTXCBQPA_CFLAGS_set=
ac_cv_env_QTXCBQPA_CFLAGS_value=
ac_cv_env_QTXCBQPA_LIBS_set=
ac_cv_env_QTXCBQPA_LIBS_value=
ac_cv_env_QT_CFLAGS_set=
ac_cv_env_QT_CFLAGS_value=
ac_cv_env_QT_DBUS_CFLAGS_set=
ac_cv_env_QT_DBUS_CFLAGS_value=
ac_cv_env_QT_DBUS_LIBS_set=
ac_cv_env_QT_DBUS_LIBS_value=
ac_cv_env_QT_LIBS_set=
ac_cv_env_QT_LIBS_value=
ac_cv_env_QT_TEST_CFLAGS_set=
ac_cv_env_QT_TEST_CFLAGS_value=
ac_cv_env_QT_TEST_LIBS_set=
ac_cv_env_QT_TEST_LIBS_value=
ac_cv_env_SSL_CFLAGS_set=
ac_cv_env_SSL_CFLAGS_value=
ac_cv_env_SSL_LIBS_set=
ac_cv_env_SSL_LIBS_value=
ac_cv_env_UNIVALUE_CFLAGS_set=
ac_cv_env_UNIVALUE_CFLAGS_value=
ac_cv_env_UNIVALUE_LIBS_set=
ac_cv_env_UNIVALUE_LIBS_value=
ac_cv_env_X11XCB_CFLAGS_set=
ac_cv_env_X11XCB_CFLAGS_value=
ac_cv_env_X11XCB_LIBS_set=
ac_cv_env_X11XCB_LIBS_value=
ac_cv_env_ZMQ_CFLAGS_set=
ac_cv_env_ZMQ_CFLAGS_value=
ac_cv_env_ZMQ_LIBS_set=
ac_cv_env_ZMQ_LIBS_value=
ac_cv_env_build_alias_set=
ac_cv_env_build_alias_value=
ac_cv_env_host_alias_set=
ac_cv_env_host_alias_value=
ac_cv_env_target_alias_set=
ac_cv_env_target_alias_value=
ac_cv_host=x86_64-apple-darwin17.5.0
ac_cv_objcxx_compiler_gnu=yes
ac_cv_objext=o
ac_cv_path_SED=/usr/bin/sed
ac_cv_path_install='/usr/bin/install -c'
ac_cv_prog_AWK=awk
ac_cv_prog_ac_ct_CC=gcc
ac_cv_prog_ac_ct_CXX=g++
ac_cv_prog_cc_c89=
ac_cv_prog_cc_g=yes
ac_cv_prog_cxx_g=yes
ac_cv_prog_make_make_set=yes
ac_cv_prog_objcxx_g=yes
am_cv_CC_dependencies_compiler_type=gcc3
am_cv_CXX_dependencies_compiler_type=gcc3
am_cv_OBJCXX_dependencies_compiler_type=gcc3
am_cv_make_support_nested_variables=yes
am_cv_prog_cc_c_o=yes
ax_cv_cxx_compile_cxx11=no
ax_cv_cxx_compile_cxx11__std_cpp11=yes

## ----------------- ##
## Output variables. ##
## ----------------- ##

ACLOCAL='${SHELL} /Volumes/D/401k/zenith-repository/build-aux/missing aclocal-1.16'
AMDEPBACKSLASH='\'
AMDEP_FALSE='#'
AMDEP_TRUE=''
AMTAR='$${TAR-tar}'
AM_BACKSLASH='\'
AM_DEFAULT_V='$(AM_DEFAULT_VERBOSITY)'
AM_DEFAULT_VERBOSITY='0'
AM_V='$(V)'
AR=''
AUTOCONF='${SHELL} /Volumes/D/401k/zenith-repository/build-aux/missing autoconf'
AUTOHEADER='${SHELL} /Volumes/D/401k/zenith-repository/build-aux/missing autoheader'
AUTOMAKE='${SHELL} /Volumes/D/401k/zenith-repository/build-aux/missing automake-1.16'
AWK='awk'
BDB_CPPFLAGS=''
BDB_LIBS=''
BITCOIN_CLI_NAME='aprcoin-cli'
BITCOIN_DAEMON_NAME='aprcoind'
BITCOIN_GUI_NAME='aprcoin-qt'
BITCOIN_TX_NAME='aprcoin-tx'
BOOST_CHRONO_LIB=''
BOOST_CPPFLAGS=''
BOOST_FILESYSTEM_LIB=''
BOOST_LDFLAGS=''
BOOST_LIBS=''
BOOST_PROGRAM_OPTIONS_LIB=''
BOOST_SYSTEM_LIB=''
BOOST_THREAD_LIB=''
BOOST_UNIT_TEST_FRAMEWORK_LIB=''
BREW=''
BUILD_BITCOIND_FALSE=''
BUILD_BITCOIND_TRUE=''
BUILD_BITCOIN_LIBS_FALSE=''
BUILD_BITCOIN_LIBS_TRUE=''
BUILD_BITCOIN_UTILS_FALSE=''
BUILD_BITCOIN_UTILS_TRUE=''
BUILD_DARWIN_FALSE=''
BUILD_DARWIN_TRUE=''
BUILD_QT=''
BUILD_TEST=''
BUILD_TEST_QT=''
CC='gcc'
CCACHE=''
CCDEPMODE='depmode=gcc3'
CFLAGS='-g -O2'
CLIENT_VERSION_BUILD=''
CLIENT_VERSION_IS_RELEASE=''
CLIENT_VERSION_MAJOR=''
CLIENT_VERSION_MINOR=''
CLIENT_VERSION_REVISION=''
COMPARISON_TOOL_REORG_TESTS=''
COPYRIGHT_YEAR=''
CPP=''
CPPFILT=''
CPPFLAGS='-I/usr/local/opt/openssl/include'
CRYPTO_CFLAGS=''
CRYPTO_LIBS=''
CXX='g++ -std=c++11'
CXXCPP=''
CXXDEPMODE='depmode=gcc3'
CXXFLAGS='-g -O2'
CYGPATH_W='echo'
DEFS=''
DEPDIR='.deps'
DLLTOOL=''
DSYMUTIL=''
DUMPBIN=''
ECHO_C='\c'
ECHO_N=''
ECHO_T=''
EGREP=''
EMBEDDED_LEVELDB_FALSE=''
EMBEDDED_LEVELDB_TRUE=''
EMBEDDED_UNIVALUE_FALSE=''
EMBEDDED_UNIVALUE_TRUE=''
ENABLE_QT_FALSE=''
ENABLE_QT_TESTS_FALSE=''
ENABLE_QT_TESTS_TRUE=''
ENABLE_QT_TRUE=''
ENABLE_TESTS_FALSE=''
ENABLE_TESTS_TRUE=''
ENABLE_WALLET_FALSE=''
ENABLE_WALLET_TRUE=''
ENABLE_ZMQ_FALSE=''
ENABLE_ZMQ_TRUE=''
EVENT_CFLAGS=''
EVENT_LIBS=''
EVENT_PTHREADS_CFLAGS=''
EVENT_PTHREADS_LIBS=''
EXEEXT=''
FGREP=''
GCOV=''
GENHTML=''
GENISOIMAGE=''
GIT=''
GLIBC_BACK_COMPAT_FALSE=''
GLIBC_BACK_COMPAT_TRUE=''
GREP=''
HAVE_CXX11='1'
HAVE_QT5_FALSE=''
HAVE_QT5_TRUE=''
HEXDUMP=''
IMAGEMAGICK_CONVERT=''
INSTALLNAMETOOL=''
INSTALL_DATA='${INSTALL} -m 644'
INSTALL_PROGRAM='${INSTALL}'
INSTALL_SCRIPT='${INSTALL}'
INSTALL_STRIP_PROGRAM='$(install_sh) -c -s'
JAVA=''
JAVA_COMPARISON_TOOL=''
LCOV=''
LD=''
LDFLAGS='-L/usr/local/opt/openssl/lib'
LEVELDB_CPPFLAGS=''
LEVELDB_TARGET_FLAGS=''
LIBLEVELDB=''
LIBMEMENV=''
LIBOBJS=''
LIBS=''
LIBTOOL=''
LIBTOOL_APP_LDFLAGS=''
LIPO=''
LN_S=''
LRELEASE=''
LTLIBOBJS=''
LT_SYS_LIBRARY_PATH=''
LUPDATE=''
MAINT=''
MAINTAINER_MODE_FALSE='#'
MAINTAINER_MODE_TRUE=''
MAKEINFO='${SHELL} /Volumes/D/401k/zenith-repository/build-aux/missing makeinfo'
MAKENSIS=''
MANIFEST_TOOL=''
MINIUPNPC_CPPFLAGS=''
MINIUPNPC_LIBS=''
MKDIR_P='build-aux/install-sh -c -d'
MOC=''
MOC_DEFS=''
NM=''
NMEDIT=''
OBJCOPY=''
OBJCXX='g++ -std=c++11'
OBJCXXDEPMODE='depmode=gcc3'
OBJCXXFLAGS='-g -O2'
OBJDUMP=''
OBJEXT='o'
OTOOL64=''
OTOOL=''
PACKAGE='aprcoin'
PACKAGE_BUGREPORT='www.apr-coin.com'
PACKAGE_NAME='APR Coin Core'
PACKAGE_STRING='APR Coin Core 1.1.0'
PACKAGE_TARNAME='aprcoin'
PACKAGE_URL=''
PACKAGE_VERSION='1.1.0'
PATH_SEPARATOR=':'
PKG_CONFIG=''
PKG_CONFIG_LIBDIR=''
PKG_CONFIG_PATH='/usr/local/opt/openssl/lib/pkgconfig'
PORT=''
PROTOBUF_CFLAGS=''
PROTOBUF_LIBS=''
PROTOC=''
PTHREAD_CC=''
PTHREAD_CFLAGS=''
PTHREAD_LIBS=''
PYTHON=''
PYTHONPATH=''
QR_CFLAGS=''
QR_LIBS=''
QTPLATFORM_CFLAGS=''
QTPLATFORM_LIBS=''
QTPRINT_CFLAGS=''
QTPRINT_LIBS=''
QTXCBQPA_CFLAGS=''
QTXCBQPA_LIBS=''
QT_CFLAGS=''
QT_DBUS_CFLAGS=''
QT_DBUS_INCLUDES=''
QT_DBUS_LIBS=''
QT_INCLUDES=''
QT_LDFLAGS=''
QT_LIBS=''
QT_PIE_FLAGS=''
QT_SELECT=''
QT_TEST_CFLAGS=''
QT_TEST_INCLUDES=''
QT_TEST_LIBS=''
QT_TRANSLATION_DIR=''
RANLIB=''
RCC=''
READELF=''
RELDFLAGS=''
RSVG_CONVERT=''
SED=''
SET_MAKE=''
SHELL='/bin/sh'
SSL_CFLAGS=''
SSL_LIBS=''
STRIP=''
TARGET_DARWIN_FALSE=''
TARGET_DARWIN_TRUE=''
TARGET_WINDOWS_FALSE=''
TARGET_WINDOWS_TRUE=''
TESTDEFS=''
TIFFCP=''
UIC=''
UNIVALUE_CFLAGS=''
UNIVALUE_LIBS=''
USE_COMPARISON_TOOL_FALSE=''
USE_COMPARISON_TOOL_REORG_TESTS_FALSE=''
USE_COMPARISON_TOOL_REORG_TESTS_TRUE=''
USE_COMPARISON_TOOL_TRUE=''
USE_LCOV_FALSE=''
USE_LCOV_TRUE=''
USE_LIBSECP256K1_FALSE=''
USE_LIBSECP256K1_TRUE=''
USE_QRCODE=''
USE_QRCODE_FALSE=''
USE_QRCODE_TRUE=''
USE_UPNP=''
VERSION='1.1.0'
WINDOWS_BITS=''
WINDRES=''
X11XCB_CFLAGS=''
X11XCB_LIBS=''
XGETTEXT=''
ZMQ_CFLAGS=''
ZMQ_LIBS=''
ac_ct_AR=''
ac_ct_CC='gcc'
ac_ct_CXX='g++'
ac_ct_DUMPBIN=''
ac_ct_OBJCXX=''
am__EXEEXT_FALSE=''
am__EXEEXT_TRUE=''
am__fastdepCC_FALSE='#'
am__fastdepCC_TRUE=''
am__fastdepCXX_FALSE='#'
am__fastdepCXX_TRUE=''
am__fastdepOBJCXX_FALSE='#'
am__fastdepOBJCXX_TRUE=''
am__include='include'
am__isrc=''
am__leading_dot='.'
am__nodep='_no'
am__quote=''
am__tar='$${TAR-tar} chof - "$$tardir"'
am__untar='$${TAR-tar} xf -'
ax_pthread_config=''
bindir='${exec_prefix}/bin'
build='x86_64-apple-darwin17.5.0'
build_alias=''
build_cpu='x86_64'
build_os='darwin17.5.0'
build_vendor='apple'
datadir='${datarootdir}'
datarootdir='${prefix}/share'
docdir='${datarootdir}/doc/${PACKAGE_TARNAME}'
dvidir='${docdir}'
exec_prefix='NONE'
host='x86_64-apple-darwin17.5.0'
host_alias=''
host_cpu='x86_64'
host_os='darwin17.5.0'
host_vendor='apple'
htmldir='${docdir}'
includedir='${prefix}/include'
infodir='${datarootdir}/info'
install_sh='${SHELL} /Volumes/D/401k/zenith-repository/build-aux/install-sh'
libdir='${exec_prefix}/lib'
libexecdir='${exec_prefix}/libexec'
localedir='${datarootdir}/locale'
localstatedir='${prefix}/var'
mandir='${datarootdir}/man'
mkdir_p='$(MKDIR_P)'
oldincludedir='/usr/include'
pdfdir='${docdir}'
prefix='NONE'
program_transform_name='s,x,x,'
psdir='${docdir}'
sbindir='${exec_prefix}/sbin'
sharedstatedir='${prefix}/com'
subdirs=''
sysconfdir='${prefix}/etc'
target_alias=''

## ----------- ##
## confdefs.h. ##
## ----------- ##

/* confdefs.h */
#define PACKAGE_NAME "APR Coin Core"
#define PACKAGE_TARNAME "aprcoin"
#define PACKAGE_VERSION "1.1.0"
#define PACKAGE_STRING "APR Coin Core 1.1.0"
#define PACKAGE_BUGREPORT "www.apr-coin.com"
#define PACKAGE_URL ""
#define HAVE_CXX11 1

configure: caught signal 2
configure: exit 1
